app/build/outputs/logs/manifest-merger-debug-report.txt
-- Merging decision tree log ---
manifest
ADDED from src\main\AndroidManifest.xml:2:1-245:12
INJECTED from src\main\AndroidManifest.xml:2:1-245:12
INJECTED from src\main\AndroidManifest.xml:2:1-245:12
INJECTED from src\main\AndroidManifest.xml:2:1-245:12
MERGED from [com.android.support:design:27.1.1] AndroidManifest.xml:17:1-22:12
MERGED from [com.android.support:appcompat-v7:27.1.1] AndroidManifest.xml:17:1-22:12
MERGED from [com.android.support.constraint:constraint-layout:1.1.0] AndroidManifest.xml:2:1-11:12
MERGED from [com.koushikdutta.ion:ion:2.2.1] AndroidManifest.xml:2:1-16:12
MERGED from [com.android.support:support-v4:27.1.1] AndroidManifest.xml:17:1-22:12
MERGED from [com.android.support:support-fragment:27.1.1] AndroidManifest.xml:17:1-22:12
MERGED from [com.android.support:animated-vector-drawable:27.1.1] AndroidManifest.xml:17:1-22:12
MERGED from [com.android.support:recyclerview-v7:27.1.1] AndroidManifest.xml:17:1-22:12
MERGED from [com.android.support:support-core-ui:27.1.1] AndroidManifest.xml:17:1-22:12
MERGED from [com.android.support:support-core-utils:27.1.1] AndroidManifest.xml:17:1-22:12
MERGED from [com.android.support:support-vector-drawable:27.1.1] AndroidManifest.xml:17:1-22:12
MERGED from [com.android.support:transition:27.1.1] AndroidManifest.xml:17:1-22:12
MERGED from [com.android.support:support-media-compat:27.1.1] AndroidManifest.xml:17:1-22:12
MERGED from [com.android.support:support-compat:27.1.1] AndroidManifest.xml:17:1-22:12
MERGED from [com.koushikdutta.async:androidasync:2.2.1] AndroidManifest.xml:2:1-16:12
MERGED from [android.arch.lifecycle:livedata-core:1.1.0] AndroidManifest.xml:17:1-22:12
MERGED from [android.arch.lifecycle:viewmodel:1.1.0] AndroidManifest.xml:17:1-22:12
MERGED from [android.arch.lifecycle:runtime:1.1.0] AndroidManifest.xml:17:1-22:12
MERGED from [android.arch.core:runtime:1.1.0] AndroidManifest.xml:17:1-22:12
INJECTED from src\main\AndroidManifest.xml:2:1-245:12
INJECTED from src\main\AndroidManifest.xml:2:1-245:12
INJECTED from src\main\AndroidManifest.xml:2:1-245:12
	package
		ADDED from src\main\AndroidManifest.xml:3:5-41
		INJECTED from src\main\AndroidManifest.xml
		INJECTED from src\main\AndroidManifest.xml
	android:versionName
		ADDED from src\main\AndroidManifest.xml:5:5-32
		INJECTED from src\main\AndroidManifest.xml
		INJECTED from src\main\AndroidManifest.xml
	xmlns:android
		ADDED from src\main\AndroidManifest.xml:2:11-69
	android:versionCode
		ADDED from src\main\AndroidManifest.xml:4:5-28
		INJECTED from src\main\AndroidManifest.xml
		INJECTED from src\main\AndroidManifest.xml
uses-sdk
ADDED from src\main\AndroidManifest.xml:7:5-9:38
INJECTED from src\main\AndroidManifest.xml:7:5-9:38
INJECTED from src\main\AndroidManifest.xml:7:5-9:38
MERGED from [com.android.support:design:27.1.1] AndroidManifest.xml:20:5-44
MERGED from [com.android.support:design:27.1.1] AndroidManifest.xml:20:5-44
MERGED from [com.android.support:appcompat-v7:27.1.1] AndroidManifest.xml:20:5-44
MERGED from [com.android.support:appcompat-v7:27.1.1] AndroidManifest.xml:20:5-44
MERGED from [com.android.support.constraint:constraint-layout:1.1.0] AndroidManifest.xml:5:5-7:41
MERGED from [com.android.support.constraint:constraint-layout:1.1.0] AndroidManifest.xml:5:5-7:41
MERGED from [com.koushikdutta.ion:ion:2.2.1] AndroidManifest.xml:7:5-9:41
MERGED from [com.koushikdutta.ion:ion:2.2.1] AndroidManifest.xml:7:5-9:41
MERGED from [com.android.support:support-v4:27.1.1] AndroidManifest.xml:20:5-44
MERGED from [com.android.support:support-v4:27.1.1] AndroidManifest.xml:20:5-44
MERGED from [com.android.support:support-fragment:27.1.1] AndroidManifest.xml:20:5-44
MERGED from [com.android.support:support-fragment:27.1.1] AndroidManifest.xml:20:5-44
MERGED from [com.android.support:animated-vector-drawable:27.1.1] AndroidManifest.xml:20:5-44
MERGED from [com.android.support:animated-vector-drawable:27.1.1] AndroidManifest.xml:20:5-44
MERGED from [com.android.support:recyclerview-v7:27.1.1] AndroidManifest.xml:20:5-44
MERGED from [com.android.support:recyclerview-v7:27.1.1] AndroidManifest.xml:20:5-44
MERGED from [com.android.support:support-core-ui:27.1.1] AndroidManifest.xml:20:5-44
MERGED from [com.android.support:support-core-ui:27.1.1] AndroidManifest.xml:20:5-44
MERGED from [com.android.support:support-core-utils:27.1.1] AndroidManifest.xml:20:5-44
MERGED from [com.android.support:support-core-utils:27.1.1] AndroidManifest.xml:20:5-44
MERGED from [com.android.support:support-vector-drawable:27.1.1] AndroidManifest.xml:20:5-44
MERGED from [com.android.support:support-vector-drawable:27.1.1] AndroidManifest.xml:20:5-44
MERGED from [com.android.support:transition:27.1.1] AndroidManifest.xml:20:5-44
MERGED from [com.android.support:transition:27.1.1] AndroidManifest.xml:20:5-44
MERGED from [com.android.support:support-media-compat:27.1.1] AndroidManifest.xml:20:5-44
MERGED from [com.android.support:support-media-compat:27.1.1] AndroidManifest.xml:20:5-44
MERGED from [com.android.support:support-compat:27.1.1] AndroidManifest.xml:20:5-44
MERGED from [com.android.support:support-compat:27.1.1] AndroidManifest.xml:20:5-44
MERGED from [com.koushikdutta.async:androidasync:2.2.1] AndroidManifest.xml:7:5-9:41
MERGED from [com.koushikdutta.async:androidasync:2.2.1] AndroidManifest.xml:7:5-9:41
MERGED from [android.arch.lifecycle:livedata-core:1.1.0] AndroidManifest.xml:20:5-44
MERGED from [android.arch.lifecycle:livedata-core:1.1.0] AndroidManifest.xml:20:5-44
MERGED from [android.arch.lifecycle:viewmodel:1.1.0] AndroidManifest.xml:20:5-44
MERGED from [android.arch.lifecycle:viewmodel:1.1.0] AndroidManifest.xml:20:5-44
MERGED from [android.arch.lifecycle:runtime:1.1.0] AndroidManifest.xml:20:5-44
MERGED from [android.arch.lifecycle:runtime:1.1.0] AndroidManifest.xml:20:5-44
MERGED from [android.arch.core:runtime:1.1.0] AndroidManifest.xml:20:5-44
MERGED from [android.arch.core:runtime:1.1.0] AndroidManifest.xml:20:5-44
INJECTED from src\main\AndroidManifest.xml:7:5-9:38
INJECTED from src\main\AndroidManifest.xml:7:5-9:38
	android:maxSdkVersion
		ADDED from src\main\AndroidManifest.xml:9:9-35
	android:targetSdkVersion
		INJECTED from src\main\AndroidManifest.xml
		ADDED from src\main\AndroidManifest.xml:7:5-9:38
		INJECTED from src\main\AndroidManifest.xml
	android:minSdkVersion
		ADDED from src\main\AndroidManifest.xml:8:9-35
		INJECTED from src\main\AndroidManifest.xml
		INJECTED from src\main\AndroidManifest.xml
uses-feature#android.hardware.usb.host
ADDED from src\main\AndroidManifest.xml:11:5-13:36
	android:required
		ADDED from src\main\AndroidManifest.xml:13:9-33
	android:name
		ADDED from src\main\AndroidManifest.xml:12:9-49
uses-feature#android.hardware.nfc
ADDED from src\main\AndroidManifest.xml:14:5-16:35
	android:required
		ADDED from src\main\AndroidManifest.xml:16:9-33
	android:name
		ADDED from src\main\AndroidManifest.xml:15:9-44
uses-permission#android.permission.CAMERA
ADDED from src\main\AndroidManifest.xml:18:5-65
	android:name
		ADDED from src\main\AndroidManifest.xml:18:22-62
uses-permission#android.permission.VIBRATE
ADDED from src\main\AndroidManifest.xml:19:5-66
	android:name
		ADDED from src\main\AndroidManifest.xml:19:22-63
uses-permission#android.permission.WAKE_LOCK
ADDED from src\main\AndroidManifest.xml:20:5-68
	android:name
		ADDED from src\main\AndroidManifest.xml:20:22-65
uses-permission#android.permission.WRITE_EXTERNAL_STORAGE
ADDED from src\main\AndroidManifest.xml:21:5-81
	android:name
		ADDED from src\main\AndroidManifest.xml:21:22-78
uses-permission#android.permission.READ_EXTERNAL_STORAGE
ADDED from src\main\AndroidManifest.xml:22:5-80
	android:name
		ADDED from src\main\AndroidManifest.xml:22:22-77
uses-permission#android.permission.NFC
ADDED from src\main\AndroidManifest.xml:24:5-61
	android:name
		ADDED from src\main\AndroidManifest.xml:24:22-59
uses-permission#android.permission.INTERNET
ADDED from src\main\AndroidManifest.xml:25:5-67
MERGED from [com.koushikdutta.ion:ion:2.2.1] AndroidManifest.xml:11:5-67
MERGED from [com.koushikdutta.ion:ion:2.2.1] AndroidManifest.xml:11:5-67
MERGED from [com.koushikdutta.async:androidasync:2.2.1] AndroidManifest.xml:11:5-67
MERGED from [com.koushikdutta.async:androidasync:2.2.1] AndroidManifest.xml:11:5-67
	android:name
		ADDED from src\main\AndroidManifest.xml:25:22-64
uses-permission#android.permission.ACCESS_NETWORK_STATE
ADDED from src\main\AndroidManifest.xml:26:5-79
	android:name
		ADDED from src\main\AndroidManifest.xml:26:22-76
uses-permission#android.permission.READ_SYNC_SETTINGS
ADDED from src\main\AndroidManifest.xml:28:5-29:63
	android:name
		ADDED from src\main\AndroidManifest.xml:29:9-61
uses-permission#android.permission.WRITE_SYNC_SETTINGS
ADDED from src\main\AndroidManifest.xml:30:5-31:64
	android:name
		ADDED from src\main\AndroidManifest.xml:31:9-62
uses-permission#android.permission.AUTHENTICATE_ACCOUNTS
ADDED from src\main\AndroidManifest.xml:32:5-33:66
	android:name
		ADDED from src\main\AndroidManifest.xml:33:9-64
application
ADDED from src\main\AndroidManifest.xml:37:5-87:19
MERGED from [com.android.support.constraint:constraint-layout:1.1.0] AndroidManifest.xml:9:5-20
MERGED from [com.android.support.constraint:constraint-layout:1.1.0] AndroidManifest.xml:9:5-20
MERGED from [com.koushikdutta.ion:ion:2.2.1] AndroidManifest.xml:13:5-14:19
MERGED from [com.koushikdutta.ion:ion:2.2.1] AndroidManifest.xml:13:5-14:19
MERGED from [com.koushikdutta.async:androidasync:2.2.1] AndroidManifest.xml:13:5-14:19
MERGED from [com.koushikdutta.async:androidasync:2.2.1] AndroidManifest.xml:13:5-14:19
	android:supportsRtl
		ADDED from src\main\AndroidManifest.xml:42:9-35
	android:label
		ADDED from src\main\AndroidManifest.xml:40:9-41
	android:roundIcon
		ADDED from src\main\AndroidManifest.xml:41:9-54
	android:icon
		ADDED from src\main\AndroidManifest.xml:39:9-43
	android:allowBackup
		ADDED from src\main\AndroidManifest.xml:38:9-35
	android:theme
		ADDED from src\main\AndroidManifest.xml:43:9-40
activity#com.vanguardghana.atomzpay.PaymentCollectionActivity
ADDED from src\main\AndroidManifest.xml:46:9-52:20
	android:name
		ADDED from src\main\AndroidManifest.xml:46:19-60
intent-filter#action:name:android.intent.action.MAIN+category:name:android.intent.category.LAUNCHER
ADDED from src\main\AndroidManifest.xml:47:13-51:29
action#android.intent.action.MAIN
ADDED from src\main\AndroidManifest.xml:48:17-69
	android:name
		ADDED from src\main\AndroidManifest.xml:48:25-66
category#android.intent.category.LAUNCHER
ADDED from src\main\AndroidManifest.xml:50:17-77
	android:name
		ADDED from src\main\AndroidManifest.xml:50:27-74
activity#com.vanguardghana.atomzpay.LoginActivity
ADDED from src\main\AndroidManifest.xml:53:9-60
	android:name
		ADDED from src\main\AndroidManifest.xml:53:19-48
activity#com.telpo.tps550.api.demo.printer.UsbPrinterActivity
ADDED from src\main\AndroidManifest.xml:55:9-60:20
	android:launchMode
		ADDED from src\main\AndroidManifest.xml:59:13-44
	android:windowSoftInputMode
		ADDED from src\main\AndroidManifest.xml:58:13-72
	android:configChanges
		ADDED from src\main\AndroidManifest.xml:57:13-63
	android:name
		ADDED from src\main\AndroidManifest.xml:56:13-80
service#com.vanguardghana.atomzpay.AuthenticatorService
ADDED from src\main\AndroidManifest.xml:62:9-70:19
	android:name
		ADDED from src\main\AndroidManifest.xml:63:13-75
intent-filter#action:name:android.accounts.AccountAuthenticator
ADDED from src\main\AndroidManifest.xml:64:13-66:29
action#android.accounts.AccountAuthenticator
ADDED from src\main\AndroidManifest.xml:65:17-79
	android:name
		ADDED from src\main\AndroidManifest.xml:65:25-77
meta-data#android.accounts.AccountAuthenticator
ADDED from src\main\AndroidManifest.xml:67:13-69:57
	android:resource
		ADDED from src\main\AndroidManifest.xml:69:17-54
	android:name
		ADDED from src\main\AndroidManifest.xml:68:17-69
service#com.vanguardghana.atomzpay.SyncService
ADDED from src\main\AndroidManifest.xml:72:9-80:19
	android:process
		ADDED from src\main\AndroidManifest.xml:74:13-36
	android:exported
		ADDED from src\main\AndroidManifest.xml:73:13-36
	android:name
		ADDED from src\main\AndroidManifest.xml:72:18-71
intent-filter#action:name:android.content.SyncAdapter
ADDED from src\main\AndroidManifest.xml:75:13-77:29
action#android.content.SyncAdapter
ADDED from src\main\AndroidManifest.xml:76:17-69
	android:name
		ADDED from src\main\AndroidManifest.xml:76:25-67
meta-data#android.content.SyncAdapter
ADDED from src\main\AndroidManifest.xml:78:13-79:55
	android:resource
		ADDED from src\main\AndroidManifest.xml:79:17-52
	android:name
		ADDED from src\main\AndroidManifest.xml:78:24-66
provider#com.vanguardghana.atomzpay.StubProvider
ADDED from src\main\AndroidManifest.xml:82:9-85:38
	android:authorities
		ADDED from src\main\AndroidManifest.xml:83:13-70
	android:syncable
		ADDED from src\main\AndroidManifest.xml:85:13-36
	android:exported
		ADDED from src\main\AndroidManifest.xml:84:13-37
	android:name
		ADDED from src\main\AndroidManifest.xml:82:19-73